Grammar

    0 $accept: Program $end

    1 Program: ExtDefList

    2 ExtDefList: ExtDef ExtDefList
    3           | ε

    4 ExtDef: Specifier ExtDecList SEMI
    5       | Specifier SEMI
    6       | Specifier FunDec CompSt

    7 ExtDecList: VarDec
    8           | VarDec COMMA ExtDecList

    9 Specifier: TYPE
   10          | StructSpecifier

   11 StructSpecifier: STRUCT OptTag LC DefList RC
   12                | STRUCT Tag

   13 OptTag: ID
   14       | ε

   15 Tag: ID

   16 VarDec: ID
   17       | VarDec LB INT RB
   18       | VarDec LB error RB

   19 FunDec: ID LP VarList RP
   20       | ID LP RP
   21       | ID LP error RP

   22 VarList: ParamDec COMMA VarList
   23        | ParamDec

   24 ParamDec: Specifier VarDec

   25 CompSt: LC DefList StmtList RC
   26       | LC error DefList StmtList RC

   27 StmtList: Stmt StmtList
   28         | ε

   29 Stmt: Exp SEMI
   30     | CompSt
   31     | RETURN Exp SEMI
   32     | IF LP Exp RP Stmt
   33     | IF LP Exp RP Stmt ELSE Stmt
   34     | WHILE LP Exp RP Stmt
   35     | WHILE error RC

   36 DefList: Def DefList
   37        | ε
   38        | error SEMI

   39 Def: Specifier DecList SEMI
   40    | Specifier error SEMI

   41 DecList: Dec
   42        | Dec COMMA DecList

   43 Dec: VarDec
   44    | VarDec ASSIGNOP Exp

   45 Exp: Exp ASSIGNOP Exp
   46    | Exp AND Exp
   47    | Exp OR Exp
   48    | Exp RELOP Exp
   49    | Exp PLUS Exp
   50    | Exp MINUS Exp
   51    | Exp STAR Exp
   52    | Exp DIV Exp
   53    | LP Exp RP
   54    | MINUS Exp
   55    | NOT Exp
   56    | ID LP Args RP
   57    | ID LP RP
   58    | Exp LB Exp RB
   59    | Exp DOT ID
   60    | ID
   61    | INT
   62    | FLOAT
   63    | Exp ASSIGNOP error
   64    | Exp AND error
   65    | Exp OR error
   66    | Exp RELOP error
   67    | Exp PLUS error
   68    | Exp MINUS error
   69    | Exp STAR error
   70    | Exp DIV error
   71    | MINUS error
   72    | NOT error
   73    | LP error RP
   74    | ID LP error RP
   75    | ID LP error SEMI
   76    | Exp LB error RB

   77 Args: Exp COMMA Args
   78     | Exp


Terminals, with rules where they appear

    $end (0) 0
    error (256) 18 21 26 35 38 40 63 64 65 66 67 68 69 70 71 72 73 74 75 76
    INT <node> (258) 17 61
    FLOAT <node> (259) 62
    ID <node> (260) 13 15 16 19 20 21 56 57 59 60 74 75
    PLUS <node> (261) 49 67
    MINUS <node> (262) 50 54 68 71
    STAR <node> (263) 51 69
    DIV <node> (264) 52 70
    ASSIGNOP <node> (265) 44 45 63
    RELOP <node> (266) 48 66
    RETURN <node> (267) 31
    TYPE <node> (268) 9
    STRUCT <node> (269) 11 12
    LP <node> (270) 19 20 21 32 33 34 53 56 57 73 74 75
    LB <node> (271) 17 18 58 76
    LC <node> (272) 11 25 26
    RP <node> (273) 19 20 21 32 33 34 53 56 57 73 74
    RB <node> (274) 17 18 58 76
    RC <node> (275) 11 25 26 35
    IF <node> (276) 32 33
    ELSE <node> (277) 33
    WHILE <node> (278) 34 35
    COMMA <node> (279) 8 22 42 77
    SEMI <node> (280) 4 5 29 31 38 39 40 75
    DOT <node> (281) 59
    AND <node> (282) 46 64
    OR <node> (283) 47 65
    NOT <node> (284) 55 72
    LOWER_THAN_ELSE (285)


Nonterminals, with rules where they appear

    $accept (31)
        on left: 0
    Program <node> (32)
        on left: 1
        on right: 0
    ExtDefList <node> (33)
        on left: 2 3
        on right: 1 2
    ExtDef <node> (34)
        on left: 4 5 6
        on right: 2
    ExtDecList <node> (35)
        on left: 7 8
        on right: 4 8
    Specifier <node> (36)
        on left: 9 10
        on right: 4 5 6 24 39 40
    StructSpecifier <node> (37)
        on left: 11 12
        on right: 10
    OptTag <node> (38)
        on left: 13 14
        on right: 11
    Tag <node> (39)
        on left: 15
        on right: 12
    VarDec <node> (40)
        on left: 16 17 18
        on right: 7 8 17 18 24 43 44
    FunDec <node> (41)
        on left: 19 20 21
        on right: 6
    VarList <node> (42)
        on left: 22 23
        on right: 19 22
    ParamDec <node> (43)
        on left: 24
        on right: 22 23
    CompSt <node> (44)
        on left: 25 26
        on right: 6 30
    StmtList <node> (45)
        on left: 27 28
        on right: 25 26 27
    Stmt <node> (46)
        on left: 29 30 31 32 33 34 35
        on right: 27 32 33 34
    DefList <node> (47)
        on left: 36 37 38
        on right: 11 25 26 36
    Def <node> (48)
        on left: 39 40
        on right: 36
    DecList <node> (49)
        on left: 41 42
        on right: 39 42
    Dec <node> (50)
        on left: 43 44
        on right: 41 42
    Exp <node> (51)
        on left: 45 46 47 48 49 50 51 52 53 54 55 56 57 58 59 60 61 62 63 64 65 66 67 68 69 70 71 72 73 74 75 76
        on right: 29 31 32 33 34 44 45 46 47 48 49 50 51 52 53 54 55 58 59 63 64 65 66 67 68 69 70 76 77 78
    Args <node> (52)
        on left: 77 78
        on right: 56 77


State 0

    0 $accept: • Program $end

    TYPE    shift, and go to state 1
    STRUCT  shift, and go to state 2

    $default  reduce using rule 3 (ExtDefList)

    Program          go to state 3
    ExtDefList       go to state 4
    ExtDef           go to state 5
    Specifier        go to state 6
    StructSpecifier  go to state 7


State 1

    9 Specifier: TYPE •

    $default  reduce using rule 9 (Specifier)


State 2

   11 StructSpecifier: STRUCT • OptTag LC DefList RC
   12                | STRUCT • Tag

    ID  shift, and go to state 8

    $default  reduce using rule 14 (OptTag)

    OptTag  go to state 9
    Tag     go to state 10


State 3

    0 $accept: Program • $end

    $end  shift, and go to state 11


State 4

    1 Program: ExtDefList •

    $default  reduce using rule 1 (Program)


State 5

    2 ExtDefList: ExtDef • ExtDefList

    TYPE    shift, and go to state 1
    STRUCT  shift, and go to state 2

    $default  reduce using rule 3 (ExtDefList)

    ExtDefList       go to state 12
    ExtDef           go to state 5
    Specifier        go to state 6
    StructSpecifier  go to state 7


State 6

    4 ExtDef: Specifier • ExtDecList SEMI
    5       | Specifier • SEMI
    6       | Specifier • FunDec CompSt

    ID    shift, and go to state 13
    SEMI  shift, and go to state 14

    ExtDecList  go to state 15
    VarDec      go to state 16
    FunDec      go to state 17


State 7

   10 Specifier: StructSpecifier •

    $default  reduce using rule 10 (Specifier)


State 8

   13 OptTag: ID •
   15 Tag: ID •

    LC        reduce using rule 13 (OptTag)
    $default  reduce using rule 15 (Tag)


State 9

   11 StructSpecifier: STRUCT OptTag • LC DefList RC

    LC  shift, and go to state 18


State 10

   12 StructSpecifier: STRUCT Tag •

    $default  reduce using rule 12 (StructSpecifier)


State 11

    0 $accept: Program $end •

    $default  accept


State 12

    2 ExtDefList: ExtDef ExtDefList •

    $default  reduce using rule 2 (ExtDefList)


State 13

   16 VarDec: ID •
   19 FunDec: ID • LP VarList RP
   20       | ID • LP RP
   21       | ID • LP error RP

    LP  shift, and go to state 19

    $default  reduce using rule 16 (VarDec)


State 14

    5 ExtDef: Specifier SEMI •

    $default  reduce using rule 5 (ExtDef)


State 15

    4 ExtDef: Specifier ExtDecList • SEMI

    SEMI  shift, and go to state 20


State 16

    7 ExtDecList: VarDec •
    8           | VarDec • COMMA ExtDecList
   17 VarDec: VarDec • LB INT RB
   18       | VarDec • LB error RB

    LB     shift, and go to state 21
    COMMA  shift, and go to state 22

    $default  reduce using rule 7 (ExtDecList)


State 17

    6 ExtDef: Specifier FunDec • CompSt

    LC  shift, and go to state 23

    CompSt  go to state 24


State 18

   11 StructSpecifier: STRUCT OptTag LC • DefList RC

    error   shift, and go to state 25
    TYPE    shift, and go to state 1
    STRUCT  shift, and go to state 2

    RC  reduce using rule 37 (DefList)

    Specifier        go to state 26
    StructSpecifier  go to state 7
    DefList          go to state 27
    Def              go to state 28


State 19

   19 FunDec: ID LP • VarList RP
   20       | ID LP • RP
   21       | ID LP • error RP

    error   shift, and go to state 29
    TYPE    shift, and go to state 1
    STRUCT  shift, and go to state 2
    RP      shift, and go to state 30

    Specifier        go to state 31
    StructSpecifier  go to state 7
    VarList          go to state 32
    ParamDec         go to state 33


State 20

    4 ExtDef: Specifier ExtDecList SEMI •

    $default  reduce using rule 4 (ExtDef)


State 21

   17 VarDec: VarDec LB • INT RB
   18       | VarDec LB • error RB

    error  shift, and go to state 34
    INT    shift, and go to state 35


State 22

    8 ExtDecList: VarDec COMMA • ExtDecList

    ID  shift, and go to state 36

    ExtDecList  go to state 37
    VarDec      go to state 16


State 23

   25 CompSt: LC • DefList StmtList RC
   26       | LC • error DefList StmtList RC

    error   shift, and go to state 38
    TYPE    shift, and go to state 1
    STRUCT  shift, and go to state 2

    INT     reduce using rule 37 (DefList)
    FLOAT   reduce using rule 37 (DefList)
    ID      reduce using rule 37 (DefList)
    MINUS   reduce using rule 37 (DefList)
    RETURN  reduce using rule 37 (DefList)
    LP      reduce using rule 37 (DefList)
    LC      reduce using rule 37 (DefList)
    RC      reduce using rule 37 (DefList)
    IF      reduce using rule 37 (DefList)
    WHILE   reduce using rule 37 (DefList)
    NOT     reduce using rule 37 (DefList)

    Specifier        go to state 26
    StructSpecifier  go to state 7
    DefList          go to state 39
    Def              go to state 28


State 24

    6 ExtDef: Specifier FunDec CompSt •

    $default  reduce using rule 6 (ExtDef)


State 25

   38 DefList: error • SEMI

    SEMI  shift, and go to state 40


State 26

   39 Def: Specifier • DecList SEMI
   40    | Specifier • error SEMI

    error  shift, and go to state 41
    ID     shift, and go to state 36

    VarDec   go to state 42
    DecList  go to state 43
    Dec      go to state 44


State 27

   11 StructSpecifier: STRUCT OptTag LC DefList • RC

    RC  shift, and go to state 45


State 28

   36 DefList: Def • DefList

    error   shift, and go to state 25
    TYPE    shift, and go to state 1
    STRUCT  shift, and go to state 2

    INT     reduce using rule 37 (DefList)
    FLOAT   reduce using rule 37 (DefList)
    ID      reduce using rule 37 (DefList)
    MINUS   reduce using rule 37 (DefList)
    RETURN  reduce using rule 37 (DefList)
    LP      reduce using rule 37 (DefList)
    LC      reduce using rule 37 (DefList)
    RC      reduce using rule 37 (DefList)
    IF      reduce using rule 37 (DefList)
    WHILE   reduce using rule 37 (DefList)
    NOT     reduce using rule 37 (DefList)

    Specifier        go to state 26
    StructSpecifier  go to state 7
    DefList          go to state 46
    Def              go to state 28


State 29

   21 FunDec: ID LP error • RP

    RP  shift, and go to state 47


State 30

   20 FunDec: ID LP RP •

    $default  reduce using rule 20 (FunDec)


State 31

   24 ParamDec: Specifier • VarDec

    ID  shift, and go to state 36

    VarDec  go to state 48


State 32

   19 FunDec: ID LP VarList • RP

    RP  shift, and go to state 49


State 33

   22 VarList: ParamDec • COMMA VarList
   23        | ParamDec •

    COMMA  shift, and go to state 50

    $default  reduce using rule 23 (VarList)


State 34

   18 VarDec: VarDec LB error • RB

    RB  shift, and go to state 51


State 35

   17 VarDec: VarDec LB INT • RB

    RB  shift, and go to state 52


State 36

   16 VarDec: ID •

    $default  reduce using rule 16 (VarDec)


State 37

    8 ExtDecList: VarDec COMMA ExtDecList •

    $default  reduce using rule 8 (ExtDecList)


State 38

   26 CompSt: LC error • DefList StmtList RC
   38 DefList: error • SEMI

    error   shift, and go to state 25
    TYPE    shift, and go to state 1
    STRUCT  shift, and go to state 2
    SEMI    shift, and go to state 40

    INT     reduce using rule 37 (DefList)
    FLOAT   reduce using rule 37 (DefList)
    ID      reduce using rule 37 (DefList)
    MINUS   reduce using rule 37 (DefList)
    RETURN  reduce using rule 37 (DefList)
    LP      reduce using rule 37 (DefList)
    LC      reduce using rule 37 (DefList)
    RC      reduce using rule 37 (DefList)
    IF      reduce using rule 37 (DefList)
    WHILE   reduce using rule 37 (DefList)
    NOT     reduce using rule 37 (DefList)

    Specifier        go to state 26
    StructSpecifier  go to state 7
    DefList          go to state 53
    Def              go to state 28


State 39

   25 CompSt: LC DefList • StmtList RC

    INT     shift, and go to state 54
    FLOAT   shift, and go to state 55
    ID      shift, and go to state 56
    MINUS   shift, and go to state 57
    RETURN  shift, and go to state 58
    LP      shift, and go to state 59
    LC      shift, and go to state 23
    IF      shift, and go to state 60
    WHILE   shift, and go to state 61
    NOT     shift, and go to state 62

    $default  reduce using rule 28 (StmtList)

    CompSt    go to state 63
    StmtList  go to state 64
    Stmt      go to state 65
    Exp       go to state 66


State 40

   38 DefList: error SEMI •

    $default  reduce using rule 38 (DefList)


State 41

   40 Def: Specifier error • SEMI

    SEMI  shift, and go to state 67


State 42

   17 VarDec: VarDec • LB INT RB
   18       | VarDec • LB error RB
   43 Dec: VarDec •
   44    | VarDec • ASSIGNOP Exp

    ASSIGNOP  shift, and go to state 68
    LB        shift, and go to state 21

    $default  reduce using rule 43 (Dec)


State 43

   39 Def: Specifier DecList • SEMI

    SEMI  shift, and go to state 69


State 44

   41 DecList: Dec •
   42        | Dec • COMMA DecList

    COMMA  shift, and go to state 70

    $default  reduce using rule 41 (DecList)


State 45

   11 StructSpecifier: STRUCT OptTag LC DefList RC •

    $default  reduce using rule 11 (StructSpecifier)


State 46

   36 DefList: Def DefList •

    $default  reduce using rule 36 (DefList)


State 47

   21 FunDec: ID LP error RP •

    $default  reduce using rule 21 (FunDec)


State 48

   17 VarDec: VarDec • LB INT RB
   18       | VarDec • LB error RB
   24 ParamDec: Specifier VarDec •

    LB  shift, and go to state 21

    $default  reduce using rule 24 (ParamDec)


State 49

   19 FunDec: ID LP VarList RP •

    $default  reduce using rule 19 (FunDec)


State 50

   22 VarList: ParamDec COMMA • VarList

    TYPE    shift, and go to state 1
    STRUCT  shift, and go to state 2

    Specifier        go to state 31
    StructSpecifier  go to state 7
    VarList          go to state 71
    ParamDec         go to state 33


State 51

   18 VarDec: VarDec LB error RB •

    $default  reduce using rule 18 (VarDec)


State 52

   17 VarDec: VarDec LB INT RB •

    $default  reduce using rule 17 (VarDec)


State 53

   26 CompSt: LC error DefList • StmtList RC

    INT     shift, and go to state 54
    FLOAT   shift, and go to state 55
    ID      shift, and go to state 56
    MINUS   shift, and go to state 57
    RETURN  shift, and go to state 58
    LP      shift, and go to state 59
    LC      shift, and go to state 23
    IF      shift, and go to state 60
    WHILE   shift, and go to state 61
    NOT     shift, and go to state 62

    $default  reduce using rule 28 (StmtList)

    CompSt    go to state 63
    StmtList  go to state 72
    Stmt      go to state 65
    Exp       go to state 66


State 54

   61 Exp: INT •

    $default  reduce using rule 61 (Exp)


State 55

   62 Exp: FLOAT •

    $default  reduce using rule 62 (Exp)


State 56

   56 Exp: ID • LP Args RP
   57    | ID • LP RP
   60    | ID •
   74    | ID • LP error RP
   75    | ID • LP error SEMI

    LP  shift, and go to state 73

    $default  reduce using rule 60 (Exp)


State 57

   54 Exp: MINUS • Exp
   71    | MINUS • error

    error  shift, and go to state 74
    INT    shift, and go to state 54
    FLOAT  shift, and go to state 55
    ID     shift, and go to state 56
    MINUS  shift, and go to state 57
    LP     shift, and go to state 59
    NOT    shift, and go to state 62

    Exp  go to state 75


State 58

   31 Stmt: RETURN • Exp SEMI

    INT    shift, and go to state 54
    FLOAT  shift, and go to state 55
    ID     shift, and go to state 56
    MINUS  shift, and go to state 57
    LP     shift, and go to state 59
    NOT    shift, and go to state 62

    Exp  go to state 76


State 59

   53 Exp: LP • Exp RP
   73    | LP • error RP

    error  shift, and go to state 77
    INT    shift, and go to state 54
    FLOAT  shift, and go to state 55
    ID     shift, and go to state 56
    MINUS  shift, and go to state 57
    LP     shift, and go to state 59
    NOT    shift, and go to state 62

    Exp  go to state 78


State 60

   32 Stmt: IF • LP Exp RP Stmt
   33     | IF • LP Exp RP Stmt ELSE Stmt

    LP  shift, and go to state 79


State 61

   34 Stmt: WHILE • LP Exp RP Stmt
   35     | WHILE • error RC

    error  shift, and go to state 80
    LP     shift, and go to state 81


State 62

   55 Exp: NOT • Exp
   72    | NOT • error

    error  shift, and go to state 82
    INT    shift, and go to state 54
    FLOAT  shift, and go to state 55
    ID     shift, and go to state 56
    MINUS  shift, and go to state 57
    LP     shift, and go to state 59
    NOT    shift, and go to state 62

    Exp  go to state 83


State 63

   30 Stmt: CompSt •

    $default  reduce using rule 30 (Stmt)


State 64

   25 CompSt: LC DefList StmtList • RC

    RC  shift, and go to state 84


State 65

   27 StmtList: Stmt • StmtList

    INT     shift, and go to state 54
    FLOAT   shift, and go to state 55
    ID      shift, and go to state 56
    MINUS   shift, and go to state 57
    RETURN  shift, and go to state 58
    LP      shift, and go to state 59
    LC      shift, and go to state 23
    IF      shift, and go to state 60
    WHILE   shift, and go to state 61
    NOT     shift, and go to state 62

    $default  reduce using rule 28 (StmtList)

    CompSt    go to state 63
    StmtList  go to state 85
    Stmt      go to state 65
    Exp       go to state 66


State 66

   29 Stmt: Exp • SEMI
   45 Exp: Exp • ASSIGNOP Exp
   46    | Exp • AND Exp
   47    | Exp • OR Exp
   48    | Exp • RELOP Exp
   49    | Exp • PLUS Exp
   50    | Exp • MINUS Exp
   51    | Exp • STAR Exp
   52    | Exp • DIV Exp
   58    | Exp • LB Exp RB
   59    | Exp • DOT ID
   63    | Exp • ASSIGNOP error
   64    | Exp • AND error
   65    | Exp • OR error
   66    | Exp • RELOP error
   67    | Exp • PLUS error
   68    | Exp • MINUS error
   69    | Exp • STAR error
   70    | Exp • DIV error
   76    | Exp • LB error RB

    PLUS      shift, and go to state 86
    MINUS     shift, and go to state 87
    STAR      shift, and go to state 88
    DIV       shift, and go to state 89
    ASSIGNOP  shift, and go to state 90
    RELOP     shift, and go to state 91
    LB        shift, and go to state 92
    SEMI      shift, and go to state 93
    DOT       shift, and go to state 94
    AND       shift, and go to state 95
    OR        shift, and go to state 96


State 67

   40 Def: Specifier error SEMI •

    $default  reduce using rule 40 (Def)


State 68

   44 Dec: VarDec ASSIGNOP • Exp

    INT    shift, and go to state 54
    FLOAT  shift, and go to state 55
    ID     shift, and go to state 56
    MINUS  shift, and go to state 57
    LP     shift, and go to state 59
    NOT    shift, and go to state 62

    Exp  go to state 97


State 69

   39 Def: Specifier DecList SEMI •

    $default  reduce using rule 39 (Def)


State 70

   42 DecList: Dec COMMA • DecList

    ID  shift, and go to state 36

    VarDec   go to state 42
    DecList  go to state 98
    Dec      go to state 44


State 71

   22 VarList: ParamDec COMMA VarList •

    $default  reduce using rule 22 (VarList)


State 72

   26 CompSt: LC error DefList StmtList • RC

    RC  shift, and go to state 99


State 73

   56 Exp: ID LP • Args RP
   57    | ID LP • RP
   74    | ID LP • error RP
   75    | ID LP • error SEMI

    error  shift, and go to state 100
    INT    shift, and go to state 54
    FLOAT  shift, and go to state 55
    ID     shift, and go to state 56
    MINUS  shift, and go to state 57
    LP     shift, and go to state 59
    RP     shift, and go to state 101
    NOT    shift, and go to state 62

    Exp   go to state 102
    Args  go to state 103


State 74

   71 Exp: MINUS error •

    $default  reduce using rule 71 (Exp)


State 75

   45 Exp: Exp • ASSIGNOP Exp
   46    | Exp • AND Exp
   47    | Exp • OR Exp
   48    | Exp • RELOP Exp
   49    | Exp • PLUS Exp
   50    | Exp • MINUS Exp
   51    | Exp • STAR Exp
   52    | Exp • DIV Exp
   54    | MINUS Exp •
   58    | Exp • LB Exp RB
   59    | Exp • DOT ID
   63    | Exp • ASSIGNOP error
   64    | Exp • AND error
   65    | Exp • OR error
   66    | Exp • RELOP error
   67    | Exp • PLUS error
   68    | Exp • MINUS error
   69    | Exp • STAR error
   70    | Exp • DIV error
   76    | Exp • LB error RB

    STAR  shift, and go to state 88
    DIV   shift, and go to state 89
    LB    shift, and go to state 92
    DOT   shift, and go to state 94

    $default  reduce using rule 54 (Exp)


State 76

   31 Stmt: RETURN Exp • SEMI
   45 Exp: Exp • ASSIGNOP Exp
   46    | Exp • AND Exp
   47    | Exp • OR Exp
   48    | Exp • RELOP Exp
   49    | Exp • PLUS Exp
   50    | Exp • MINUS Exp
   51    | Exp • STAR Exp
   52    | Exp • DIV Exp
   58    | Exp • LB Exp RB
   59    | Exp • DOT ID
   63    | Exp • ASSIGNOP error
   64    | Exp • AND error
   65    | Exp • OR error
   66    | Exp • RELOP error
   67    | Exp • PLUS error
   68    | Exp • MINUS error
   69    | Exp • STAR error
   70    | Exp • DIV error
   76    | Exp • LB error RB

    PLUS      shift, and go to state 86
    MINUS     shift, and go to state 87
    STAR      shift, and go to state 88
    DIV       shift, and go to state 89
    ASSIGNOP  shift, and go to state 90
    RELOP     shift, and go to state 91
    LB        shift, and go to state 92
    SEMI      shift, and go to state 104
    DOT       shift, and go to state 94
    AND       shift, and go to state 95
    OR        shift, and go to state 96


State 77

   73 Exp: LP error • RP

    RP  shift, and go to state 105


State 78

   45 Exp: Exp • ASSIGNOP Exp
   46    | Exp • AND Exp
   47    | Exp • OR Exp
   48    | Exp • RELOP Exp
   49    | Exp • PLUS Exp
   50    | Exp • MINUS Exp
   51    | Exp • STAR Exp
   52    | Exp • DIV Exp
   53    | LP Exp • RP
   58    | Exp • LB Exp RB
   59    | Exp • DOT ID
   63    | Exp • ASSIGNOP error
   64    | Exp • AND error
   65    | Exp • OR error
   66    | Exp • RELOP error
   67    | Exp • PLUS error
   68    | Exp • MINUS error
   69    | Exp • STAR error
   70    | Exp • DIV error
   76    | Exp • LB error RB

    PLUS      shift, and go to state 86
    MINUS     shift, and go to state 87
    STAR      shift, and go to state 88
    DIV       shift, and go to state 89
    ASSIGNOP  shift, and go to state 90
    RELOP     shift, and go to state 91
    LB        shift, and go to state 92
    RP        shift, and go to state 106
    DOT       shift, and go to state 94
    AND       shift, and go to state 95
    OR        shift, and go to state 96


State 79

   32 Stmt: IF LP • Exp RP Stmt
   33     | IF LP • Exp RP Stmt ELSE Stmt

    INT    shift, and go to state 54
    FLOAT  shift, and go to state 55
    ID     shift, and go to state 56
    MINUS  shift, and go to state 57
    LP     shift, and go to state 59
    NOT    shift, and go to state 62

    Exp  go to state 107


State 80

   35 Stmt: WHILE error • RC

    RC  shift, and go to state 108


State 81

   34 Stmt: WHILE LP • Exp RP Stmt

    INT    shift, and go to state 54
    FLOAT  shift, and go to state 55
    ID     shift, and go to state 56
    MINUS  shift, and go to state 57
    LP     shift, and go to state 59
    NOT    shift, and go to state 62

    Exp  go to state 109


State 82

   72 Exp: NOT error •

    $default  reduce using rule 72 (Exp)


State 83

   45 Exp: Exp • ASSIGNOP Exp
   46    | Exp • AND Exp
   47    | Exp • OR Exp
   48    | Exp • RELOP Exp
   49    | Exp • PLUS Exp
   50    | Exp • MINUS Exp
   51    | Exp • STAR Exp
   52    | Exp • DIV Exp
   55    | NOT Exp •
   58    | Exp • LB Exp RB
   59    | Exp • DOT ID
   63    | Exp • ASSIGNOP error
   64    | Exp • AND error
   65    | Exp • OR error
   66    | Exp • RELOP error
   67    | Exp • PLUS error
   68    | Exp • MINUS error
   69    | Exp • STAR error
   70    | Exp • DIV error
   76    | Exp • LB error RB

    LB   shift, and go to state 92
    DOT  shift, and go to state 94

    $default  reduce using rule 55 (Exp)


State 84

   25 CompSt: LC DefList StmtList RC •

    $default  reduce using rule 25 (CompSt)


State 85

   27 StmtList: Stmt StmtList •

    $default  reduce using rule 27 (StmtList)


State 86

   49 Exp: Exp PLUS • Exp
   67    | Exp PLUS • error

    error  shift, and go to state 110
    INT    shift, and go to state 54
    FLOAT  shift, and go to state 55
    ID     shift, and go to state 56
    MINUS  shift, and go to state 57
    LP     shift, and go to state 59
    NOT    shift, and go to state 62

    Exp  go to state 111


State 87

   50 Exp: Exp MINUS • Exp
   68    | Exp MINUS • error

    error  shift, and go to state 112
    INT    shift, and go to state 54
    FLOAT  shift, and go to state 55
    ID     shift, and go to state 56
    MINUS  shift, and go to state 57
    LP     shift, and go to state 59
    NOT    shift, and go to state 62

    Exp  go to state 113


State 88

   51 Exp: Exp STAR • Exp
   69    | Exp STAR • error

    error  shift, and go to state 114
    INT    shift, and go to state 54
    FLOAT  shift, and go to state 55
    ID     shift, and go to state 56
    MINUS  shift, and go to state 57
    LP     shift, and go to state 59
    NOT    shift, and go to state 62

    Exp  go to state 115


State 89

   52 Exp: Exp DIV • Exp
   70    | Exp DIV • error

    error  shift, and go to state 116
    INT    shift, and go to state 54
    FLOAT  shift, and go to state 55
    ID     shift, and go to state 56
    MINUS  shift, and go to state 57
    LP     shift, and go to state 59
    NOT    shift, and go to state 62

    Exp  go to state 117


State 90

   45 Exp: Exp ASSIGNOP • Exp
   63    | Exp ASSIGNOP • error

    error  shift, and go to state 118
    INT    shift, and go to state 54
    FLOAT  shift, and go to state 55
    ID     shift, and go to state 56
    MINUS  shift, and go to state 57
    LP     shift, and go to state 59
    NOT    shift, and go to state 62

    Exp  go to state 119


State 91

   48 Exp: Exp RELOP • Exp
   66    | Exp RELOP • error

    error  shift, and go to state 120
    INT    shift, and go to state 54
    FLOAT  shift, and go to state 55
    ID     shift, and go to state 56
    MINUS  shift, and go to state 57
    LP     shift, and go to state 59
    NOT    shift, and go to state 62

    Exp  go to state 121


State 92

   58 Exp: Exp LB • Exp RB
   76    | Exp LB • error RB

    error  shift, and go to state 122
    INT    shift, and go to state 54
    FLOAT  shift, and go to state 55
    ID     shift, and go to state 56
    MINUS  shift, and go to state 57
    LP     shift, and go to state 59
    NOT    shift, and go to state 62

    Exp  go to state 123


State 93

   29 Stmt: Exp SEMI •

    $default  reduce using rule 29 (Stmt)


State 94

   59 Exp: Exp DOT • ID

    ID  shift, and go to state 124


State 95

   46 Exp: Exp AND • Exp
   64    | Exp AND • error

    error  shift, and go to state 125
    INT    shift, and go to state 54
    FLOAT  shift, and go to state 55
    ID     shift, and go to state 56
    MINUS  shift, and go to state 57
    LP     shift, and go to state 59
    NOT    shift, and go to state 62

    Exp  go to state 126


State 96

   47 Exp: Exp OR • Exp
   65    | Exp OR • error

    error  shift, and go to state 127
    INT    shift, and go to state 54
    FLOAT  shift, and go to state 55
    ID     shift, and go to state 56
    MINUS  shift, and go to state 57
    LP     shift, and go to state 59
    NOT    shift, and go to state 62

    Exp  go to state 128


State 97

   44 Dec: VarDec ASSIGNOP Exp •
   45 Exp: Exp • ASSIGNOP Exp
   46    | Exp • AND Exp
   47    | Exp • OR Exp
   48    | Exp • RELOP Exp
   49    | Exp • PLUS Exp
   50    | Exp • MINUS Exp
   51    | Exp • STAR Exp
   52    | Exp • DIV Exp
   58    | Exp • LB Exp RB
   59    | Exp • DOT ID
   63    | Exp • ASSIGNOP error
   64    | Exp • AND error
   65    | Exp • OR error
   66    | Exp • RELOP error
   67    | Exp • PLUS error
   68    | Exp • MINUS error
   69    | Exp • STAR error
   70    | Exp • DIV error
   76    | Exp • LB error RB

    PLUS      shift, and go to state 86
    MINUS     shift, and go to state 87
    STAR      shift, and go to state 88
    DIV       shift, and go to state 89
    ASSIGNOP  shift, and go to state 90
    RELOP     shift, and go to state 91
    LB        shift, and go to state 92
    DOT       shift, and go to state 94
    AND       shift, and go to state 95
    OR        shift, and go to state 96

    $default  reduce using rule 44 (Dec)


State 98

   42 DecList: Dec COMMA DecList •

    $default  reduce using rule 42 (DecList)


State 99

   26 CompSt: LC error DefList StmtList RC •

    $default  reduce using rule 26 (CompSt)


State 100

   74 Exp: ID LP error • RP
   75    | ID LP error • SEMI

    RP    shift, and go to state 129
    SEMI  shift, and go to state 130


State 101

   57 Exp: ID LP RP •

    $default  reduce using rule 57 (Exp)


State 102

   45 Exp: Exp • ASSIGNOP Exp
   46    | Exp • AND Exp
   47    | Exp • OR Exp
   48    | Exp • RELOP Exp
   49    | Exp • PLUS Exp
   50    | Exp • MINUS Exp
   51    | Exp • STAR Exp
   52    | Exp • DIV Exp
   58    | Exp • LB Exp RB
   59    | Exp • DOT ID
   63    | Exp • ASSIGNOP error
   64    | Exp • AND error
   65    | Exp • OR error
   66    | Exp • RELOP error
   67    | Exp • PLUS error
   68    | Exp • MINUS error
   69    | Exp • STAR error
   70    | Exp • DIV error
   76    | Exp • LB error RB
   77 Args: Exp • COMMA Args
   78     | Exp •

    PLUS      shift, and go to state 86
    MINUS     shift, and go to state 87
    STAR      shift, and go to state 88
    DIV       shift, and go to state 89
    ASSIGNOP  shift, and go to state 90
    RELOP     shift, and go to state 91
    LB        shift, and go to state 92
    COMMA     shift, and go to state 131
    DOT       shift, and go to state 94
    AND       shift, and go to state 95
    OR        shift, and go to state 96

    $default  reduce using rule 78 (Args)


State 103

   56 Exp: ID LP Args • RP

    RP  shift, and go to state 132


State 104

   31 Stmt: RETURN Exp SEMI •

    $default  reduce using rule 31 (Stmt)


State 105

   73 Exp: LP error RP •

    $default  reduce using rule 73 (Exp)


State 106

   53 Exp: LP Exp RP •

    $default  reduce using rule 53 (Exp)


State 107

   32 Stmt: IF LP Exp • RP Stmt
   33     | IF LP Exp • RP Stmt ELSE Stmt
   45 Exp: Exp • ASSIGNOP Exp
   46    | Exp • AND Exp
   47    | Exp • OR Exp
   48    | Exp • RELOP Exp
   49    | Exp • PLUS Exp
   50    | Exp • MINUS Exp
   51    | Exp • STAR Exp
   52    | Exp • DIV Exp
   58    | Exp • LB Exp RB
   59    | Exp • DOT ID
   63    | Exp • ASSIGNOP error
   64    | Exp • AND error
   65    | Exp • OR error
   66    | Exp • RELOP error
   67    | Exp • PLUS error
   68    | Exp • MINUS error
   69    | Exp • STAR error
   70    | Exp • DIV error
   76    | Exp • LB error RB

    PLUS      shift, and go to state 86
    MINUS     shift, and go to state 87
    STAR      shift, and go to state 88
    DIV       shift, and go to state 89
    ASSIGNOP  shift, and go to state 90
    RELOP     shift, and go to state 91
    LB        shift, and go to state 92
    RP        shift, and go to state 133
    DOT       shift, and go to state 94
    AND       shift, and go to state 95
    OR        shift, and go to state 96


State 108

   35 Stmt: WHILE error RC •

    $default  reduce using rule 35 (Stmt)


State 109

   34 Stmt: WHILE LP Exp • RP Stmt
   45 Exp: Exp • ASSIGNOP Exp
   46    | Exp • AND Exp
   47    | Exp • OR Exp
   48    | Exp • RELOP Exp
   49    | Exp • PLUS Exp
   50    | Exp • MINUS Exp
   51    | Exp • STAR Exp
   52    | Exp • DIV Exp
   58    | Exp • LB Exp RB
   59    | Exp • DOT ID
   63    | Exp • ASSIGNOP error
   64    | Exp • AND error
   65    | Exp • OR error
   66    | Exp • RELOP error
   67    | Exp • PLUS error
   68    | Exp • MINUS error
   69    | Exp • STAR error
   70    | Exp • DIV error
   76    | Exp • LB error RB

    PLUS      shift, and go to state 86
    MINUS     shift, and go to state 87
    STAR      shift, and go to state 88
    DIV       shift, and go to state 89
    ASSIGNOP  shift, and go to state 90
    RELOP     shift, and go to state 91
    LB        shift, and go to state 92
    RP        shift, and go to state 134
    DOT       shift, and go to state 94
    AND       shift, and go to state 95
    OR        shift, and go to state 96


State 110

   67 Exp: Exp PLUS error •

    $default  reduce using rule 67 (Exp)


State 111

   45 Exp: Exp • ASSIGNOP Exp
   46    | Exp • AND Exp
   47    | Exp • OR Exp
   48    | Exp • RELOP Exp
   49    | Exp • PLUS Exp
   49    | Exp PLUS Exp •
   50    | Exp • MINUS Exp
   51    | Exp • STAR Exp
   52    | Exp • DIV Exp
   58    | Exp • LB Exp RB
   59    | Exp • DOT ID
   63    | Exp • ASSIGNOP error
   64    | Exp • AND error
   65    | Exp • OR error
   66    | Exp • RELOP error
   67    | Exp • PLUS error
   68    | Exp • MINUS error
   69    | Exp • STAR error
   70    | Exp • DIV error
   76    | Exp • LB error RB

    STAR  shift, and go to state 88
    DIV   shift, and go to state 89
    LB    shift, and go to state 92
    DOT   shift, and go to state 94

    $default  reduce using rule 49 (Exp)


State 112

   68 Exp: Exp MINUS error •

    $default  reduce using rule 68 (Exp)


State 113

   45 Exp: Exp • ASSIGNOP Exp
   46    | Exp • AND Exp
   47    | Exp • OR Exp
   48    | Exp • RELOP Exp
   49    | Exp • PLUS Exp
   50    | Exp • MINUS Exp
   50    | Exp MINUS Exp •
   51    | Exp • STAR Exp
   52    | Exp • DIV Exp
   58    | Exp • LB Exp RB
   59    | Exp • DOT ID
   63    | Exp • ASSIGNOP error
   64    | Exp • AND error
   65    | Exp • OR error
   66    | Exp • RELOP error
   67    | Exp • PLUS error
   68    | Exp • MINUS error
   69    | Exp • STAR error
   70    | Exp • DIV error
   76    | Exp • LB error RB

    STAR  shift, and go to state 88
    DIV   shift, and go to state 89
    LB    shift, and go to state 92
    DOT   shift, and go to state 94

    $default  reduce using rule 50 (Exp)


State 114

   69 Exp: Exp STAR error •

    $default  reduce using rule 69 (Exp)


State 115

   45 Exp: Exp • ASSIGNOP Exp
   46    | Exp • AND Exp
   47    | Exp • OR Exp
   48    | Exp • RELOP Exp
   49    | Exp • PLUS Exp
   50    | Exp • MINUS Exp
   51    | Exp • STAR Exp
   51    | Exp STAR Exp •
   52    | Exp • DIV Exp
   58    | Exp • LB Exp RB
   59    | Exp • DOT ID
   63    | Exp • ASSIGNOP error
   64    | Exp • AND error
   65    | Exp • OR error
   66    | Exp • RELOP error
   67    | Exp • PLUS error
   68    | Exp • MINUS error
   69    | Exp • STAR error
   70    | Exp • DIV error
   76    | Exp • LB error RB

    LB   shift, and go to state 92
    DOT  shift, and go to state 94

    $default  reduce using rule 51 (Exp)


State 116

   70 Exp: Exp DIV error •

    $default  reduce using rule 70 (Exp)


State 117

   45 Exp: Exp • ASSIGNOP Exp
   46    | Exp • AND Exp
   47    | Exp • OR Exp
   48    | Exp • RELOP Exp
   49    | Exp • PLUS Exp
   50    | Exp • MINUS Exp
   51    | Exp • STAR Exp
   52    | Exp • DIV Exp
   52    | Exp DIV Exp •
   58    | Exp • LB Exp RB
   59    | Exp • DOT ID
   63    | Exp • ASSIGNOP error
   64    | Exp • AND error
   65    | Exp • OR error
   66    | Exp • RELOP error
   67    | Exp • PLUS error
   68    | Exp • MINUS error
   69    | Exp • STAR error
   70    | Exp • DIV error
   76    | Exp • LB error RB

    LB   shift, and go to state 92
    DOT  shift, and go to state 94

    $default  reduce using rule 52 (Exp)


State 118

   63 Exp: Exp ASSIGNOP error •

    $default  reduce using rule 63 (Exp)


State 119

   45 Exp: Exp • ASSIGNOP Exp
   45    | Exp ASSIGNOP Exp •
   46    | Exp • AND Exp
   47    | Exp • OR Exp
   48    | Exp • RELOP Exp
   49    | Exp • PLUS Exp
   50    | Exp • MINUS Exp
   51    | Exp • STAR Exp
   52    | Exp • DIV Exp
   58    | Exp • LB Exp RB
   59    | Exp • DOT ID
   63    | Exp • ASSIGNOP error
   64    | Exp • AND error
   65    | Exp • OR error
   66    | Exp • RELOP error
   67    | Exp • PLUS error
   68    | Exp • MINUS error
   69    | Exp • STAR error
   70    | Exp • DIV error
   76    | Exp • LB error RB

    PLUS      shift, and go to state 86
    MINUS     shift, and go to state 87
    STAR      shift, and go to state 88
    DIV       shift, and go to state 89
    ASSIGNOP  shift, and go to state 90
    RELOP     shift, and go to state 91
    LB        shift, and go to state 92
    DOT       shift, and go to state 94
    AND       shift, and go to state 95
    OR        shift, and go to state 96

    $default  reduce using rule 45 (Exp)


State 120

   66 Exp: Exp RELOP error •

    $default  reduce using rule 66 (Exp)


State 121

   45 Exp: Exp • ASSIGNOP Exp
   46    | Exp • AND Exp
   47    | Exp • OR Exp
   48    | Exp • RELOP Exp
   48    | Exp RELOP Exp •
   49    | Exp • PLUS Exp
   50    | Exp • MINUS Exp
   51    | Exp • STAR Exp
   52    | Exp • DIV Exp
   58    | Exp • LB Exp RB
   59    | Exp • DOT ID
   63    | Exp • ASSIGNOP error
   64    | Exp • AND error
   65    | Exp • OR error
   66    | Exp • RELOP error
   67    | Exp • PLUS error
   68    | Exp • MINUS error
   69    | Exp • STAR error
   70    | Exp • DIV error
   76    | Exp • LB error RB

    PLUS   shift, and go to state 86
    MINUS  shift, and go to state 87
    STAR   shift, and go to state 88
    DIV    shift, and go to state 89
    LB     shift, and go to state 92
    DOT    shift, and go to state 94

    $default  reduce using rule 48 (Exp)


State 122

   76 Exp: Exp LB error • RB

    RB  shift, and go to state 135


State 123

   45 Exp: Exp • ASSIGNOP Exp
   46    | Exp • AND Exp
   47    | Exp • OR Exp
   48    | Exp • RELOP Exp
   49    | Exp • PLUS Exp
   50    | Exp • MINUS Exp
   51    | Exp • STAR Exp
   52    | Exp • DIV Exp
   58    | Exp • LB Exp RB
   58    | Exp LB Exp • RB
   59    | Exp • DOT ID
   63    | Exp • ASSIGNOP error
   64    | Exp • AND error
   65    | Exp • OR error
   66    | Exp • RELOP error
   67    | Exp • PLUS error
   68    | Exp • MINUS error
   69    | Exp • STAR error
   70    | Exp • DIV error
   76    | Exp • LB error RB

    PLUS      shift, and go to state 86
    MINUS     shift, and go to state 87
    STAR      shift, and go to state 88
    DIV       shift, and go to state 89
    ASSIGNOP  shift, and go to state 90
    RELOP     shift, and go to state 91
    LB        shift, and go to state 92
    RB        shift, and go to state 136
    DOT       shift, and go to state 94
    AND       shift, and go to state 95
    OR        shift, and go to state 96


State 124

   59 Exp: Exp DOT ID •

    $default  reduce using rule 59 (Exp)


State 125

   64 Exp: Exp AND error •

    $default  reduce using rule 64 (Exp)


State 126

   45 Exp: Exp • ASSIGNOP Exp
   46    | Exp • AND Exp
   46    | Exp AND Exp •
   47    | Exp • OR Exp
   48    | Exp • RELOP Exp
   49    | Exp • PLUS Exp
   50    | Exp • MINUS Exp
   51    | Exp • STAR Exp
   52    | Exp • DIV Exp
   58    | Exp • LB Exp RB
   59    | Exp • DOT ID
   63    | Exp • ASSIGNOP error
   64    | Exp • AND error
   65    | Exp • OR error
   66    | Exp • RELOP error
   67    | Exp • PLUS error
   68    | Exp • MINUS error
   69    | Exp • STAR error
   70    | Exp • DIV error
   76    | Exp • LB error RB

    PLUS   shift, and go to state 86
    MINUS  shift, and go to state 87
    STAR   shift, and go to state 88
    DIV    shift, and go to state 89
    RELOP  shift, and go to state 91
    LB     shift, and go to state 92
    DOT    shift, and go to state 94

    $default  reduce using rule 46 (Exp)


State 127

   65 Exp: Exp OR error •

    $default  reduce using rule 65 (Exp)


State 128

   45 Exp: Exp • ASSIGNOP Exp
   46    | Exp • AND Exp
   47    | Exp • OR Exp
   47    | Exp OR Exp •
   48    | Exp • RELOP Exp
   49    | Exp • PLUS Exp
   50    | Exp • MINUS Exp
   51    | Exp • STAR Exp
   52    | Exp • DIV Exp
   58    | Exp • LB Exp RB
   59    | Exp • DOT ID
   63    | Exp • ASSIGNOP error
   64    | Exp • AND error
   65    | Exp • OR error
   66    | Exp • RELOP error
   67    | Exp • PLUS error
   68    | Exp • MINUS error
   69    | Exp • STAR error
   70    | Exp • DIV error
   76    | Exp • LB error RB

    PLUS   shift, and go to state 86
    MINUS  shift, and go to state 87
    STAR   shift, and go to state 88
    DIV    shift, and go to state 89
    RELOP  shift, and go to state 91
    LB     shift, and go to state 92
    DOT    shift, and go to state 94
    AND    shift, and go to state 95

    $default  reduce using rule 47 (Exp)


State 129

   74 Exp: ID LP error RP •

    $default  reduce using rule 74 (Exp)


State 130

   75 Exp: ID LP error SEMI •

    $default  reduce using rule 75 (Exp)


State 131

   77 Args: Exp COMMA • Args

    INT    shift, and go to state 54
    FLOAT  shift, and go to state 55
    ID     shift, and go to state 56
    MINUS  shift, and go to state 57
    LP     shift, and go to state 59
    NOT    shift, and go to state 62

    Exp   go to state 102
    Args  go to state 137


State 132

   56 Exp: ID LP Args RP •

    $default  reduce using rule 56 (Exp)


State 133

   32 Stmt: IF LP Exp RP • Stmt
   33     | IF LP Exp RP • Stmt ELSE Stmt

    INT     shift, and go to state 54
    FLOAT   shift, and go to state 55
    ID      shift, and go to state 56
    MINUS   shift, and go to state 57
    RETURN  shift, and go to state 58
    LP      shift, and go to state 59
    LC      shift, and go to state 23
    IF      shift, and go to state 60
    WHILE   shift, and go to state 61
    NOT     shift, and go to state 62

    CompSt  go to state 63
    Stmt    go to state 138
    Exp     go to state 66


State 134

   34 Stmt: WHILE LP Exp RP • Stmt

    INT     shift, and go to state 54
    FLOAT   shift, and go to state 55
    ID      shift, and go to state 56
    MINUS   shift, and go to state 57
    RETURN  shift, and go to state 58
    LP      shift, and go to state 59
    LC      shift, and go to state 23
    IF      shift, and go to state 60
    WHILE   shift, and go to state 61
    NOT     shift, and go to state 62

    CompSt  go to state 63
    Stmt    go to state 139
    Exp     go to state 66


State 135

   76 Exp: Exp LB error RB •

    $default  reduce using rule 76 (Exp)


State 136

   58 Exp: Exp LB Exp RB •

    $default  reduce using rule 58 (Exp)


State 137

   77 Args: Exp COMMA Args •

    $default  reduce using rule 77 (Args)


State 138

   32 Stmt: IF LP Exp RP Stmt •
   33     | IF LP Exp RP Stmt • ELSE Stmt

    ELSE  shift, and go to state 140

    $default  reduce using rule 32 (Stmt)


State 139

   34 Stmt: WHILE LP Exp RP Stmt •

    $default  reduce using rule 34 (Stmt)


State 140

   33 Stmt: IF LP Exp RP Stmt ELSE • Stmt

    INT     shift, and go to state 54
    FLOAT   shift, and go to state 55
    ID      shift, and go to state 56
    MINUS   shift, and go to state 57
    RETURN  shift, and go to state 58
    LP      shift, and go to state 59
    LC      shift, and go to state 23
    IF      shift, and go to state 60
    WHILE   shift, and go to state 61
    NOT     shift, and go to state 62

    CompSt  go to state 63
    Stmt    go to state 141
    Exp     go to state 66


State 141

   33 Stmt: IF LP Exp RP Stmt ELSE Stmt •

    $default  reduce using rule 33 (Stmt)
